Arguments: 
  C:\Program Files\nodejs\node.exe C:\Users\User\AppData\Roaming\npm\node_modules\yarn\bin\yarn.js add chart.js react-chartjs-2

PATH: 
  C:\Program Files (x86)\Common Files\Oracle\Java\javapath;C:\Program Files\Microsoft MPI\Bin\;C:\Windows\system32;C:\Windows;C:\Windows\System32\Wbem;C:\Windows\System32\WindowsPowerShell\v1.0\;C:\Windows\System32\OpenSSH\;F:\Program Files (x86)\Microsoft SQL Server\150\Tools\Binn\;F:\Program Files\Microsoft SQL Server\150\Tools\Binn\;F:\Program Files (x86)\Microsoft SQL Server\150\DTS\Binn\;F:\Program Files\Microsoft SQL Server\150\DTS\Binn\;F:\Program Files\Microsoft SQL Server\Client SDK\ODBC\170\Tools\Binn\;C:\Program Files\Azure Data Studio\bin;F:\Program Files\Git\cmd;C:\Program Files\nodejs\;C:\Users\User\AppData\Local\Microsoft\WindowsApps;;F:\Programs\Microsoft VS Code\bin;C:\Program Files\Azure Data Studio\bin;C:\Users\User\AppData\Roaming\npm

Yarn version: 
  1.22.17

Node version: 
  17.3.0

Platform: 
  win32 x64

Trace: 
  Error: EPERM: operation not permitted, unlink 'F:\laragon\www\prueba\node_modules\@next\swc-win32-x64-msvc\next-swc.win32-x64-msvc.node'

npm manifest: 
  {
    "name": "prueba",
    "private": true,
    "scripts": {
      "dev": "next dev",
      "build": "next build",
      "start": "next start",
      "lint": "next lint"
    },
    "dependencies": {
      "chart.js": "^3.7.0",
      "faker": "5.5.3",
      "lodash": "^4.17.21",
      "next": "12.0.8",
      "react": "17.0.2",
      "react-chartjs-2": "^4.0.0",
      "react-dom": "17.0.2",
      "react-scripts": "5.0.0"
    },
    "devDependencies": {
      "@types/node": "^17.0.8",
      "@types/react": "^17.0.38",
      "@types/react-dom": "17.0.11",
      "eslint": "8.7.0",
      "eslint-config-next": "12.0.8",
      "typescript": "^4.5.4"
    }
  }

yarn manifest: 
  No manifest

Lockfile: 
  No lockfile
